2025-09-08 10:50:31,236 - __main__ - INFO - 🚀 Starting Comprehensive Anti-Bot Test
2025-09-08 10:50:31,236 - __main__ - INFO - Testing with SOCKS5 proxy: ip.mproxy.vn:12301
2025-09-08 10:50:31,236 - __main__ - INFO - ============================================================
2025-09-08 10:50:31,236 - __main__ - INFO - 🚀 Testing Enhanced Anti-Bot Scraper...
2025-09-08 10:50:31,236 - __main__ - INFO - ============================================================
2025-09-08 10:50:31,236 - modules.core.module_7_enhanced_anti_bot - INFO - 📋 Loaded 2 proxy configurations
2025-09-08 10:50:31,237 - __main__ - INFO - 
🔍 Test 1/5: 001087016369
2025-09-08 10:50:31,237 - __main__ - INFO - ----------------------------------------
2025-09-08 10:50:31,237 - modules.core.module_7_enhanced_anti_bot - INFO - 🔄 Starting fallback search for CCCD: 001087016369
2025-09-08 10:50:31,237 - modules.core.module_7_enhanced_anti_bot - INFO - 🔧 Session configured with proxy: ip.mproxy.vn:12301
2025-09-08 10:50:31,237 - modules.core.module_7_enhanced_anti_bot - INFO - 🍪 Getting cookies from homepage...
2025-09-08 10:50:31,237 - modules.core.module_7_enhanced_anti_bot - ERROR - ❌ Failed to get homepage cookies: Missing dependencies for SOCKS support.
2025-09-08 10:50:31,237 - modules.core.module_7_enhanced_anti_bot - WARNING - ⚠️ Failed to get homepage cookies, proceeding anyway...
2025-09-08 10:50:31,237 - modules.core.module_7_enhanced_anti_bot - INFO - 🔍 Searching for CCCD: 001087016369
2025-09-08 10:50:31,238 - modules.core.module_7_enhanced_anti_bot - ERROR - ❌ Request failed: Missing dependencies for SOCKS support.
2025-09-08 10:50:31,238 - modules.core.module_7_enhanced_anti_bot - INFO - 🔄 Trying mobile headers...
2025-09-08 10:50:31,238 - modules.core.module_7_enhanced_anti_bot - WARNING - ⚠️ All methods failed for CCCD: 001087016369
2025-09-08 10:50:31,238 - __main__ - INFO - ⚠️ ERROR: Missing dependencies for SOCKS support.
2025-09-08 10:50:31,238 - __main__ - INFO - ⏱️ Test time: 0.00s
2025-09-08 10:50:31,238 - __main__ - INFO - 🔧 Method: requests_session
2025-09-08 10:50:31,238 - __main__ - INFO - 📊 Response time: 0.00s
2025-09-08 10:50:31,238 - __main__ - INFO - ⏳ Waiting 5s before next test...
2025-09-08 10:50:36,238 - __main__ - INFO - 
🔍 Test 2/5: 001184032114
2025-09-08 10:50:36,238 - __main__ - INFO - ----------------------------------------
2025-09-08 10:50:36,238 - modules.core.module_7_enhanced_anti_bot - INFO - 🔄 Starting fallback search for CCCD: 001184032114
2025-09-08 10:50:36,238 - modules.core.module_7_enhanced_anti_bot - INFO - 🔧 Session configured with proxy: ip.mproxy.vn:12301
2025-09-08 10:50:36,238 - modules.core.module_7_enhanced_anti_bot - INFO - 🍪 Getting cookies from homepage...
2025-09-08 10:50:38,045 - modules.core.module_7_enhanced_anti_bot - INFO - ✅ Cookies collected: []
2025-09-08 10:50:38,045 - modules.core.module_7_enhanced_anti_bot - INFO - 🔍 Searching for CCCD: 001184032114
2025-09-08 10:50:38,967 - modules.core.module_7_enhanced_anti_bot - INFO - ✅ Request successful: 200
2025-09-08 10:50:38,970 - modules.core.module_7_enhanced_anti_bot - WARNING - ⚠️ All methods failed for CCCD: 001184032114
2025-09-08 10:50:38,970 - __main__ - INFO - ❌ NOT FOUND
2025-09-08 10:50:38,970 - __main__ - INFO - ⏱️ Test time: 2.73s
2025-09-08 10:50:38,970 - __main__ - INFO - 🔧 Method: requests_session
2025-09-08 10:50:38,970 - __main__ - INFO - 📊 Response time: 2.73s
2025-09-08 10:50:38,970 - __main__ - INFO - ⏳ Waiting 5s before next test...
2025-09-08 10:50:43,970 - __main__ - INFO - 
🔍 Test 3/5: 001098021288
2025-09-08 10:50:43,970 - __main__ - INFO - ----------------------------------------
2025-09-08 10:50:43,971 - modules.core.module_7_enhanced_anti_bot - INFO - 🔄 Starting fallback search for CCCD: 001098021288
2025-09-08 10:50:43,971 - modules.core.module_7_enhanced_anti_bot - INFO - 🔧 Session configured with proxy: ip.mproxy.vn:12301
2025-09-08 10:50:43,972 - modules.core.module_7_enhanced_anti_bot - INFO - 🍪 Getting cookies from homepage...
2025-09-08 10:50:43,972 - modules.core.module_7_enhanced_anti_bot - ERROR - ❌ Failed to get homepage cookies: Missing dependencies for SOCKS support.
2025-09-08 10:50:43,972 - modules.core.module_7_enhanced_anti_bot - WARNING - ⚠️ Failed to get homepage cookies, proceeding anyway...
2025-09-08 10:50:43,972 - modules.core.module_7_enhanced_anti_bot - INFO - 🔍 Searching for CCCD: 001098021288
2025-09-08 10:50:43,973 - modules.core.module_7_enhanced_anti_bot - ERROR - ❌ Request failed: Missing dependencies for SOCKS support.
2025-09-08 10:50:43,973 - modules.core.module_7_enhanced_anti_bot - INFO - 🔄 Trying mobile headers...
2025-09-08 10:50:43,973 - modules.core.module_7_enhanced_anti_bot - WARNING - ⚠️ All methods failed for CCCD: 001098021288
2025-09-08 10:50:43,973 - __main__ - INFO - ⚠️ ERROR: Missing dependencies for SOCKS support.
2025-09-08 10:50:43,973 - __main__ - INFO - ⏱️ Test time: 0.00s
2025-09-08 10:50:43,973 - __main__ - INFO - 🔧 Method: requests_session
2025-09-08 10:50:43,973 - __main__ - INFO - 📊 Response time: 0.00s
2025-09-08 10:50:43,973 - __main__ - INFO - ⏳ Waiting 5s before next test...
2025-09-08 10:50:48,973 - __main__ - INFO - 
🔍 Test 4/5: 001094001628
2025-09-08 10:50:48,974 - __main__ - INFO - ----------------------------------------
2025-09-08 10:50:48,974 - modules.core.module_7_enhanced_anti_bot - INFO - 🔄 Starting fallback search for CCCD: 001094001628
2025-09-08 10:50:48,974 - modules.core.module_7_enhanced_anti_bot - INFO - 🔧 Session configured with proxy: ip.mproxy.vn:12301
2025-09-08 10:50:48,974 - modules.core.module_7_enhanced_anti_bot - INFO - 🍪 Getting cookies from homepage...
2025-09-08 10:50:50,952 - modules.core.module_7_enhanced_anti_bot - INFO - ✅ Cookies collected: []
2025-09-08 10:50:50,952 - modules.core.module_7_enhanced_anti_bot - INFO - 🔍 Searching for CCCD: 001094001628
2025-09-08 10:50:51,425 - modules.core.module_7_enhanced_anti_bot - INFO - ✅ Request successful: 200
2025-09-08 10:50:51,426 - modules.core.module_7_enhanced_anti_bot - WARNING - ⚠️ All methods failed for CCCD: 001094001628
2025-09-08 10:50:51,427 - __main__ - INFO - ❌ NOT FOUND
2025-09-08 10:50:51,427 - __main__ - INFO - ⏱️ Test time: 2.45s
2025-09-08 10:50:51,427 - __main__ - INFO - 🔧 Method: requests_session
2025-09-08 10:50:51,427 - __main__ - INFO - 📊 Response time: 2.45s
2025-09-08 10:50:51,427 - __main__ - INFO - ⏳ Waiting 5s before next test...
2025-09-08 10:50:56,427 - __main__ - INFO - 
🔍 Test 5/5: 036092002342
2025-09-08 10:50:56,427 - __main__ - INFO - ----------------------------------------
2025-09-08 10:50:56,427 - modules.core.module_7_enhanced_anti_bot - INFO - 🔄 Starting fallback search for CCCD: 036092002342
2025-09-08 10:50:56,427 - modules.core.module_7_enhanced_anti_bot - INFO - 🔧 Session configured with proxy: ip.mproxy.vn:12301
2025-09-08 10:50:56,427 - modules.core.module_7_enhanced_anti_bot - INFO - 🍪 Getting cookies from homepage...
2025-09-08 10:50:56,428 - modules.core.module_7_enhanced_anti_bot - ERROR - ❌ Failed to get homepage cookies: Missing dependencies for SOCKS support.
2025-09-08 10:50:56,428 - modules.core.module_7_enhanced_anti_bot - WARNING - ⚠️ Failed to get homepage cookies, proceeding anyway...
2025-09-08 10:50:56,428 - modules.core.module_7_enhanced_anti_bot - INFO - 🔍 Searching for CCCD: 036092002342
2025-09-08 10:50:56,428 - modules.core.module_7_enhanced_anti_bot - ERROR - ❌ Request failed: Missing dependencies for SOCKS support.
2025-09-08 10:50:56,428 - modules.core.module_7_enhanced_anti_bot - INFO - 🔄 Trying mobile headers...
2025-09-08 10:50:56,428 - modules.core.module_7_enhanced_anti_bot - WARNING - ⚠️ All methods failed for CCCD: 036092002342
2025-09-08 10:50:56,428 - __main__ - INFO - ⚠️ ERROR: Missing dependencies for SOCKS support.
2025-09-08 10:50:56,428 - __main__ - INFO - ⏱️ Test time: 0.00s
2025-09-08 10:50:56,428 - __main__ - INFO - 🔧 Method: requests_session
2025-09-08 10:50:56,428 - __main__ - INFO - 📊 Response time: 0.00s
2025-09-08 10:50:56,428 - __main__ - INFO - 
📊 Enhanced Anti-Bot Statistics:
2025-09-08 10:50:56,428 - __main__ - INFO -   total_requests: 2
2025-09-08 10:50:56,428 - __main__ - INFO -   successful_requests: 2
2025-09-08 10:50:56,428 - __main__ - INFO -   failed_requests: 3
2025-09-08 10:50:56,428 - __main__ - INFO -   proxy_rotations: 5
2025-09-08 10:50:56,428 - __main__ - INFO -   browser_fallbacks: 0
2025-09-08 10:50:56,428 - __main__ - INFO -   success_rate: 100.0%
2025-09-08 10:50:56,428 - __main__ - INFO -   proxy_count: 2
2025-09-08 10:50:56,428 - __main__ - INFO - 
⏳ Waiting 10s before Playwright tests...
2025-09-08 10:51:06,429 - __main__ - INFO - 
🚀 Testing Playwright Fallback...
2025-09-08 10:51:06,429 - __main__ - INFO - ============================================================
2025-09-08 10:51:06,652 - modules.core.module_7_playwright_fallback - INFO - 🌐 Browser configured with proxy: socks5://beba111:tDV5tkMchYUBMD@ip.mproxy.vn:12301
2025-09-08 10:51:06,772 - modules.core.module_7_playwright_fallback - INFO - 🚀 Playwright browser started successfully
2025-09-08 10:51:06,773 - __main__ - INFO - 
🔍 Playwright Test 1/5: 001087016369
2025-09-08 10:51:06,773 - __main__ - INFO - ----------------------------------------
2025-09-08 10:51:06,828 - modules.core.module_7_playwright_fallback - INFO - 🏠 Navigating to homepage...
2025-09-08 10:51:07,670 - modules.core.module_7_playwright_fallback - ERROR - ❌ Browser search failed: Page.goto: net::ERR_SOCKS_CONNECTION_FAILED at https://masothue.com/
Call log:
  - navigating to "https://masothue.com/", waiting until "networkidle"

2025-09-08 10:51:07,670 - __main__ - INFO - ⚠️ ERROR: Page.goto: net::ERR_SOCKS_CONNECTION_FAILED at https://masothue.com/
Call log:
  - navigating to "https://masothue.com/", waiting until "networkidle"

2025-09-08 10:51:07,670 - __main__ - INFO - ⏱️ Test time: 0.90s
2025-09-08 10:51:07,670 - __main__ - INFO - 🔧 Method: playwright_browser
2025-09-08 10:51:07,671 - __main__ - INFO - 📊 Response time: 0.90s
2025-09-08 10:51:07,671 - __main__ - INFO - ⏳ Waiting 8s before next test...
2025-09-08 10:51:15,680 - __main__ - INFO - 
🔍 Playwright Test 2/5: 001184032114
2025-09-08 10:51:15,680 - __main__ - INFO - ----------------------------------------
2025-09-08 10:51:15,698 - modules.core.module_7_playwright_fallback - INFO - 🏠 Navigating to homepage...
2025-09-08 10:51:16,407 - modules.core.module_7_playwright_fallback - ERROR - ❌ Browser search failed: Page.goto: net::ERR_SOCKS_CONNECTION_FAILED at https://masothue.com/
Call log:
  - navigating to "https://masothue.com/", waiting until "networkidle"

2025-09-08 10:51:16,407 - __main__ - INFO - ⚠️ ERROR: Page.goto: net::ERR_SOCKS_CONNECTION_FAILED at https://masothue.com/
Call log:
  - navigating to "https://masothue.com/", waiting until "networkidle"

2025-09-08 10:51:16,407 - __main__ - INFO - ⏱️ Test time: 0.73s
2025-09-08 10:51:16,407 - __main__ - INFO - 🔧 Method: playwright_browser
2025-09-08 10:51:16,407 - __main__ - INFO - 📊 Response time: 0.73s
2025-09-08 10:51:16,407 - __main__ - INFO - ⏳ Waiting 8s before next test...
2025-09-08 10:51:24,417 - __main__ - INFO - 
🔍 Playwright Test 3/5: 001098021288
2025-09-08 10:51:24,417 - __main__ - INFO - ----------------------------------------
2025-09-08 10:51:24,439 - modules.core.module_7_playwright_fallback - INFO - 🏠 Navigating to homepage...
2025-09-08 10:51:25,238 - modules.core.module_7_playwright_fallback - ERROR - ❌ Browser search failed: Page.goto: net::ERR_SOCKS_CONNECTION_FAILED at https://masothue.com/
Call log:
  - navigating to "https://masothue.com/", waiting until "networkidle"

2025-09-08 10:51:25,238 - __main__ - INFO - ⚠️ ERROR: Page.goto: net::ERR_SOCKS_CONNECTION_FAILED at https://masothue.com/
Call log:
  - navigating to "https://masothue.com/", waiting until "networkidle"

2025-09-08 10:51:25,238 - __main__ - INFO - ⏱️ Test time: 0.82s
2025-09-08 10:51:25,238 - __main__ - INFO - 🔧 Method: playwright_browser
2025-09-08 10:51:25,238 - __main__ - INFO - 📊 Response time: 0.82s
2025-09-08 10:51:25,238 - __main__ - INFO - ⏳ Waiting 8s before next test...
2025-09-08 10:51:33,247 - __main__ - INFO - 
🔍 Playwright Test 4/5: 001094001628
2025-09-08 10:51:33,247 - __main__ - INFO - ----------------------------------------
2025-09-08 10:51:33,267 - modules.core.module_7_playwright_fallback - INFO - 🏠 Navigating to homepage...
2025-09-08 10:51:34,090 - modules.core.module_7_playwright_fallback - ERROR - ❌ Browser search failed: Page.goto: net::ERR_SOCKS_CONNECTION_FAILED at https://masothue.com/
Call log:
  - navigating to "https://masothue.com/", waiting until "networkidle"

2025-09-08 10:51:34,090 - __main__ - INFO - ⚠️ ERROR: Page.goto: net::ERR_SOCKS_CONNECTION_FAILED at https://masothue.com/
Call log:
  - navigating to "https://masothue.com/", waiting until "networkidle"

2025-09-08 10:51:34,090 - __main__ - INFO - ⏱️ Test time: 0.84s
2025-09-08 10:51:34,090 - __main__ - INFO - 🔧 Method: playwright_browser
2025-09-08 10:51:34,090 - __main__ - INFO - 📊 Response time: 0.84s
2025-09-08 10:51:34,090 - __main__ - INFO - ⏳ Waiting 8s before next test...
2025-09-08 10:51:42,099 - __main__ - INFO - 
🔍 Playwright Test 5/5: 036092002342
2025-09-08 10:51:42,099 - __main__ - INFO - ----------------------------------------
2025-09-08 10:51:42,117 - modules.core.module_7_playwright_fallback - INFO - 🏠 Navigating to homepage...
2025-09-08 10:51:42,906 - modules.core.module_7_playwright_fallback - ERROR - ❌ Browser search failed: Page.goto: net::ERR_SOCKS_CONNECTION_FAILED at https://masothue.com/
Call log:
  - navigating to "https://masothue.com/", waiting until "networkidle"

2025-09-08 10:51:42,906 - __main__ - INFO - ⚠️ ERROR: Page.goto: net::ERR_SOCKS_CONNECTION_FAILED at https://masothue.com/
Call log:
  - navigating to "https://masothue.com/", waiting until "networkidle"

2025-09-08 10:51:42,906 - __main__ - INFO - ⏱️ Test time: 0.81s
2025-09-08 10:51:42,906 - __main__ - INFO - 🔧 Method: playwright_browser
2025-09-08 10:51:42,906 - __main__ - INFO - 📊 Response time: 0.81s
2025-09-08 10:51:42,907 - __main__ - INFO - 
📊 Playwright Statistics:
2025-09-08 10:51:42,907 - __main__ - INFO -   browser_launches: 1
2025-09-08 10:51:42,907 - __main__ - INFO -   challenges_solved: 0
2025-09-08 10:51:42,907 - __main__ - INFO -   successful_requests: 0
2025-09-08 10:51:42,907 - __main__ - INFO -   failed_requests: 5
2025-09-08 10:51:42,907 - __main__ - INFO -   success_rate: 0.0%
2025-09-08 10:51:42,931 - modules.core.module_7_playwright_fallback - INFO - 🔒 Browser closed successfully
2025-09-08 10:51:42,931 - __main__ - INFO - 
🔍 COMPARING RESULTS
2025-09-08 10:51:42,931 - __main__ - INFO - ============================================================
2025-09-08 10:51:42,931 - __main__ - INFO - 
📋 CCCD: 001087016369
2025-09-08 10:51:42,931 - __main__ - INFO - ------------------------------
2025-09-08 10:51:42,931 - __main__ - INFO - Enhanced Anti-Bot:
2025-09-08 10:51:42,931 - __main__ - INFO -   Status: error
2025-09-08 10:51:42,931 - __main__ - INFO -   Method: requests_session
2025-09-08 10:51:42,931 - __main__ - INFO -   Response Time: 0.00s
2025-09-08 10:51:42,931 - __main__ - INFO - Playwright:
2025-09-08 10:51:42,931 - __main__ - INFO -   Status: error
2025-09-08 10:51:42,931 - __main__ - INFO -   Method: playwright_browser
2025-09-08 10:51:42,931 - __main__ - INFO -   Response Time: 0.90s
2025-09-08 10:51:42,931 - __main__ - INFO - ❌ Neither method found result
2025-09-08 10:51:42,931 - __main__ - INFO - 
📋 CCCD: 001184032114
2025-09-08 10:51:42,932 - __main__ - INFO - ------------------------------
2025-09-08 10:51:42,932 - __main__ - INFO - Enhanced Anti-Bot:
2025-09-08 10:51:42,932 - __main__ - INFO -   Status: not_found
2025-09-08 10:51:42,932 - __main__ - INFO -   Method: requests_session
2025-09-08 10:51:42,932 - __main__ - INFO -   Response Time: 2.73s
2025-09-08 10:51:42,932 - __main__ - INFO - Playwright:
2025-09-08 10:51:42,932 - __main__ - INFO -   Status: error
2025-09-08 10:51:42,932 - __main__ - INFO -   Method: playwright_browser
2025-09-08 10:51:42,932 - __main__ - INFO -   Response Time: 0.73s
2025-09-08 10:51:42,932 - __main__ - INFO - ❌ Neither method found result
2025-09-08 10:51:42,932 - __main__ - INFO - 
📋 CCCD: 001098021288
2025-09-08 10:51:42,932 - __main__ - INFO - ------------------------------
2025-09-08 10:51:42,932 - __main__ - INFO - Enhanced Anti-Bot:
2025-09-08 10:51:42,932 - __main__ - INFO -   Status: error
2025-09-08 10:51:42,932 - __main__ - INFO -   Method: requests_session
2025-09-08 10:51:42,932 - __main__ - INFO -   Response Time: 0.00s
2025-09-08 10:51:42,932 - __main__ - INFO - Playwright:
2025-09-08 10:51:42,932 - __main__ - INFO -   Status: error
2025-09-08 10:51:42,932 - __main__ - INFO -   Method: playwright_browser
2025-09-08 10:51:42,932 - __main__ - INFO -   Response Time: 0.82s
2025-09-08 10:51:42,932 - __main__ - INFO - ❌ Neither method found result
2025-09-08 10:51:42,932 - __main__ - INFO - 
📋 CCCD: 001094001628
2025-09-08 10:51:42,932 - __main__ - INFO - ------------------------------
2025-09-08 10:51:42,932 - __main__ - INFO - Enhanced Anti-Bot:
2025-09-08 10:51:42,932 - __main__ - INFO -   Status: not_found
2025-09-08 10:51:42,932 - __main__ - INFO -   Method: requests_session
2025-09-08 10:51:42,932 - __main__ - INFO -   Response Time: 2.45s
2025-09-08 10:51:42,932 - __main__ - INFO - Playwright:
2025-09-08 10:51:42,932 - __main__ - INFO -   Status: error
2025-09-08 10:51:42,932 - __main__ - INFO -   Method: playwright_browser
2025-09-08 10:51:42,932 - __main__ - INFO -   Response Time: 0.84s
2025-09-08 10:51:42,932 - __main__ - INFO - ❌ Neither method found result
2025-09-08 10:51:42,932 - __main__ - INFO - 
📋 CCCD: 036092002342
2025-09-08 10:51:42,932 - __main__ - INFO - ------------------------------
2025-09-08 10:51:42,932 - __main__ - INFO - Enhanced Anti-Bot:
2025-09-08 10:51:42,932 - __main__ - INFO -   Status: error
2025-09-08 10:51:42,932 - __main__ - INFO -   Method: requests_session
2025-09-08 10:51:42,932 - __main__ - INFO -   Response Time: 0.00s
2025-09-08 10:51:42,932 - __main__ - INFO - Playwright:
2025-09-08 10:51:42,932 - __main__ - INFO -   Status: error
2025-09-08 10:51:42,932 - __main__ - INFO -   Method: playwright_browser
2025-09-08 10:51:42,932 - __main__ - INFO -   Response Time: 0.81s
2025-09-08 10:51:42,932 - __main__ - INFO - ❌ Neither method found result
2025-09-08 10:51:42,932 - __main__ - INFO - 
============================================================
2025-09-08 10:51:42,932 - __main__ - INFO - 📊 COMPREHENSIVE TEST FINAL REPORT
2025-09-08 10:51:42,932 - __main__ - INFO - ============================================================
2025-09-08 10:51:42,932 - __main__ - INFO - Total Tests: 10
2025-09-08 10:51:42,932 - __main__ - INFO - Successful: 0
2025-09-08 10:51:42,932 - __main__ - INFO - Failed: 10
2025-09-08 10:51:42,932 - __main__ - INFO - Success Rate: 0.0%
2025-09-08 10:51:42,932 - __main__ - INFO - Methods Tested: enhanced_anti_bot, playwright_fallback
2025-09-08 10:51:42,932 - __main__ - INFO - 
💡 RECOMMENDATIONS:
2025-09-08 10:51:42,932 - __main__ - INFO - ❌ Low success rate. Strong anti-bot protection detected. Consider:
2025-09-08 10:51:42,932 - __main__ - INFO -    - Using residential proxies
2025-09-08 10:51:42,932 - __main__ - INFO -    - Implementing CAPTCHA solving
2025-09-08 10:51:42,932 - __main__ - INFO -    - Using VPN rotation
2025-09-08 10:51:42,932 - __main__ - INFO -    - Implementing more sophisticated browser automation
2025-09-08 10:51:42,932 - __main__ - INFO - 
🚀 NEXT STEPS:
2025-09-08 10:51:42,932 - __main__ - INFO - 1. Analyze the logs for specific error patterns
2025-09-08 10:51:42,932 - __main__ - INFO - 2. Test with different proxy providers
2025-09-08 10:51:42,932 - __main__ - INFO - 3. Implement additional anti-detection measures
2025-09-08 10:51:42,932 - __main__ - INFO - 4. Consider using the working method for production
2025-09-08 10:51:42,933 - __main__ - INFO - 📄 Results saved to comprehensive_test_results.txt
2025-09-08 10:51:42,933 - __main__ - INFO - 
✅ Comprehensive test completed!
